0 info it worked if it ends with ok
1 verbose cli [ 'node',
1 verbose cli   '/usr/local/bin/npm',
1 verbose cli   'install',
1 verbose cli   'angular-cookies#1.3.13' ]
2 info using npm@2.11.3
3 info using node@v0.12.7
4 verbose install initial load of /Users/apple/Desktop/dev/rentobox/package.json
5 verbose installManyTop reading scoped package data from /Users/apple/Desktop/dev/rentobox/node_modules/body-parser/package.json
6 verbose installManyTop reading scoped package data from /Users/apple/Desktop/dev/rentobox/node_modules/composable-middleware/package.json
7 verbose installManyTop reading scoped package data from /Users/apple/Desktop/dev/rentobox/node_modules/compression/package.json
8 verbose installManyTop reading scoped package data from /Users/apple/Desktop/dev/rentobox/node_modules/connect-livereload/package.json
9 verbose installManyTop reading scoped package data from /Users/apple/Desktop/dev/rentobox/node_modules/connect-mongo/package.json
10 verbose installManyTop reading scoped package data from /Users/apple/Desktop/dev/rentobox/node_modules/cookie-parser/package.json
11 verbose installManyTop reading scoped package data from /Users/apple/Desktop/dev/rentobox/node_modules/cordova/package.json
12 verbose installManyTop reading scoped package data from /Users/apple/Desktop/dev/rentobox/node_modules/ejs/package.json
13 verbose installManyTop reading scoped package data from /Users/apple/Desktop/dev/rentobox/node_modules/errorhandler/package.json
14 verbose installManyTop reading scoped package data from /Users/apple/Desktop/dev/rentobox/node_modules/express/package.json
15 verbose installManyTop reading scoped package data from /Users/apple/Desktop/dev/rentobox/node_modules/express-jwt/package.json
16 verbose installManyTop reading scoped package data from /Users/apple/Desktop/dev/rentobox/node_modules/express-session/package.json
17 verbose installManyTop reading scoped package data from /Users/apple/Desktop/dev/rentobox/node_modules/grunt/package.json
18 verbose installManyTop reading scoped package data from /Users/apple/Desktop/dev/rentobox/node_modules/grunt-angular-templates/package.json
19 verbose installManyTop reading scoped package data from /Users/apple/Desktop/dev/rentobox/node_modules/grunt-autoprefixer/package.json
20 verbose installManyTop reading scoped package data from /Users/apple/Desktop/dev/rentobox/node_modules/grunt-build-control/package.json
21 verbose installManyTop reading scoped package data from /Users/apple/Desktop/dev/rentobox/node_modules/grunt-concurrent/package.json
22 verbose installManyTop reading scoped package data from /Users/apple/Desktop/dev/rentobox/node_modules/grunt-contrib-clean/package.json
23 verbose installManyTop reading scoped package data from /Users/apple/Desktop/dev/rentobox/node_modules/grunt-contrib-concat/package.json
24 verbose installManyTop reading scoped package data from /Users/apple/Desktop/dev/rentobox/node_modules/grunt-contrib-copy/package.json
25 verbose installManyTop reading scoped package data from /Users/apple/Desktop/dev/rentobox/node_modules/grunt-contrib-cssmin/package.json
26 verbose installManyTop reading scoped package data from /Users/apple/Desktop/dev/rentobox/node_modules/grunt-contrib-htmlmin/package.json
27 verbose installManyTop reading scoped package data from /Users/apple/Desktop/dev/rentobox/node_modules/grunt-contrib-imagemin/package.json
28 verbose installManyTop reading scoped package data from /Users/apple/Desktop/dev/rentobox/node_modules/grunt-contrib-jade/package.json
29 verbose installManyTop reading scoped package data from /Users/apple/Desktop/dev/rentobox/node_modules/grunt-contrib-jshint/package.json
30 verbose installManyTop reading scoped package data from /Users/apple/Desktop/dev/rentobox/node_modules/grunt-contrib-sass/package.json
31 verbose installManyTop reading scoped package data from /Users/apple/Desktop/dev/rentobox/node_modules/grunt-contrib-uglify/package.json
32 verbose installManyTop reading scoped package data from /Users/apple/Desktop/dev/rentobox/node_modules/grunt-contrib-watch/package.json
33 verbose installManyTop reading scoped package data from /Users/apple/Desktop/dev/rentobox/node_modules/grunt-cordova-ng/package.json
34 verbose installManyTop reading scoped package data from /Users/apple/Desktop/dev/rentobox/node_modules/grunt-debug-task/package.json
35 verbose installManyTop reading scoped package data from /Users/apple/Desktop/dev/rentobox/node_modules/grunt-dom-munger/package.json
36 verbose installManyTop reading scoped package data from /Users/apple/Desktop/dev/rentobox/node_modules/grunt-env/package.json
37 verbose installManyTop reading scoped package data from /Users/apple/Desktop/dev/rentobox/node_modules/grunt-express-server/package.json
38 verbose installManyTop reading scoped package data from /Users/apple/Desktop/dev/rentobox/node_modules/grunt-google-cdn/package.json
39 verbose installManyTop reading scoped package data from /Users/apple/Desktop/dev/rentobox/node_modules/grunt-injector/package.json
40 verbose installManyTop reading scoped package data from /Users/apple/Desktop/dev/rentobox/node_modules/grunt-karma/package.json
41 verbose installManyTop reading scoped package data from /Users/apple/Desktop/dev/rentobox/node_modules/grunt-mocha-test/package.json
42 verbose installManyTop reading scoped package data from /Users/apple/Desktop/dev/rentobox/node_modules/grunt-newer/package.json
43 verbose installManyTop reading scoped package data from /Users/apple/Desktop/dev/rentobox/node_modules/grunt-ng-annotate/package.json
44 verbose installManyTop reading scoped package data from /Users/apple/Desktop/dev/rentobox/node_modules/grunt-node-inspector/package.json
45 verbose installManyTop reading scoped package data from /Users/apple/Desktop/dev/rentobox/node_modules/grunt-nodemon/package.json
46 verbose installManyTop reading scoped package data from /Users/apple/Desktop/dev/rentobox/node_modules/grunt-open/package.json
47 verbose installManyTop reading scoped package data from /Users/apple/Desktop/dev/rentobox/node_modules/grunt-platforms/package.json
48 verbose installManyTop reading scoped package data from /Users/apple/Desktop/dev/rentobox/node_modules/grunt-protractor-runner/package.json
49 verbose installManyTop reading scoped package data from /Users/apple/Desktop/dev/rentobox/node_modules/grunt-rev/package.json
50 verbose installManyTop reading scoped package data from /Users/apple/Desktop/dev/rentobox/node_modules/grunt-svgmin/package.json
51 verbose installManyTop reading scoped package data from /Users/apple/Desktop/dev/rentobox/node_modules/grunt-usemin/package.json
52 verbose installManyTop reading scoped package data from /Users/apple/Desktop/dev/rentobox/node_modules/grunt-wiredep/package.json
53 verbose installManyTop reading scoped package data from /Users/apple/Desktop/dev/rentobox/node_modules/jade/package.json
54 verbose installManyTop reading scoped package data from /Users/apple/Desktop/dev/rentobox/node_modules/jit-grunt/package.json
55 verbose installManyTop reading scoped package data from /Users/apple/Desktop/dev/rentobox/node_modules/jshint-stylish/package.json
56 verbose installManyTop reading scoped package data from /Users/apple/Desktop/dev/rentobox/node_modules/jsonwebtoken/package.json
57 verbose installManyTop reading scoped package data from /Users/apple/Desktop/dev/rentobox/node_modules/karma/package.json
58 verbose installManyTop reading scoped package data from /Users/apple/Desktop/dev/rentobox/node_modules/karma-chrome-launcher/package.json
59 verbose installManyTop reading scoped package data from /Users/apple/Desktop/dev/rentobox/node_modules/karma-coffee-preprocessor/package.json
60 verbose installManyTop reading scoped package data from /Users/apple/Desktop/dev/rentobox/node_modules/karma-firefox-launcher/package.json
61 verbose installManyTop reading scoped package data from /Users/apple/Desktop/dev/rentobox/node_modules/karma-html2js-preprocessor/package.json
62 verbose installManyTop reading scoped package data from /Users/apple/Desktop/dev/rentobox/node_modules/karma-jade-preprocessor/package.json
63 verbose installManyTop reading scoped package data from /Users/apple/Desktop/dev/rentobox/node_modules/karma-jasmine/package.json
64 verbose installManyTop reading scoped package data from /Users/apple/Desktop/dev/rentobox/node_modules/karma-ng-html2js-preprocessor/package.json
65 verbose installManyTop reading scoped package data from /Users/apple/Desktop/dev/rentobox/node_modules/karma-ng-jade2js-preprocessor/package.json
66 verbose installManyTop reading scoped package data from /Users/apple/Desktop/dev/rentobox/node_modules/karma-ng-scenario/package.json
67 verbose installManyTop reading scoped package data from /Users/apple/Desktop/dev/rentobox/node_modules/karma-phantomjs-launcher/package.json
68 verbose installManyTop reading scoped package data from /Users/apple/Desktop/dev/rentobox/node_modules/karma-requirejs/package.json
69 verbose installManyTop reading scoped package data from /Users/apple/Desktop/dev/rentobox/node_modules/karma-script-launcher/package.json
70 verbose installManyTop reading scoped package data from /Users/apple/Desktop/dev/rentobox/node_modules/lodash/package.json
71 verbose installManyTop reading scoped package data from /Users/apple/Desktop/dev/rentobox/node_modules/method-override/package.json
72 verbose installManyTop reading scoped package data from /Users/apple/Desktop/dev/rentobox/node_modules/mongoose/package.json
73 verbose installManyTop reading scoped package data from /Users/apple/Desktop/dev/rentobox/node_modules/morgan/package.json
74 verbose installManyTop reading scoped package data from /Users/apple/Desktop/dev/rentobox/node_modules/open/package.json
75 verbose installManyTop reading scoped package data from /Users/apple/Desktop/dev/rentobox/node_modules/passport/package.json
76 verbose installManyTop reading scoped package data from /Users/apple/Desktop/dev/rentobox/node_modules/passport-facebook/package.json
77 verbose installManyTop reading scoped package data from /Users/apple/Desktop/dev/rentobox/node_modules/passport-google-oauth/package.json
78 verbose installManyTop reading scoped package data from /Users/apple/Desktop/dev/rentobox/node_modules/passport-local/package.json
79 verbose installManyTop reading scoped package data from /Users/apple/Desktop/dev/rentobox/node_modules/passport-twitter/package.json
80 verbose installManyTop reading scoped package data from /Users/apple/Desktop/dev/rentobox/node_modules/pryjs/package.json
81 verbose installManyTop reading scoped package data from /Users/apple/Desktop/dev/rentobox/node_modules/requirejs/package.json
82 verbose installManyTop reading scoped package data from /Users/apple/Desktop/dev/rentobox/node_modules/serve-favicon/package.json
83 verbose installManyTop reading scoped package data from /Users/apple/Desktop/dev/rentobox/node_modules/should/package.json
84 verbose installManyTop reading scoped package data from /Users/apple/Desktop/dev/rentobox/node_modules/supertest/package.json
85 verbose installManyTop reading scoped package data from /Users/apple/Desktop/dev/rentobox/node_modules/time-grunt/package.json
86 info package.json composable-middleware@0.3.0 No license field.
87 info package.json connect-livereload@0.4.1 No license field.
88 info package.json connect-mongo@0.4.2 No license field.
89 info package.json cookie-parser@1.0.1 No license field.
90 info package.json cordova@5.2.0 license should be a valid SPDX license expression
91 info package.json express-jwt@0.1.4 No license field.
92 info package.json grunt@0.4.5 No license field.
93 info package.json grunt-angular-templates@0.5.7 No license field.
94 info package.json grunt-build-control@0.1.3 No license field.
95 info package.json grunt-contrib-clean@0.5.0 No license field.
96 info package.json grunt-concurrent@0.5.0 No license field.
97 info package.json grunt-contrib-concat@0.4.0 No license field.
98 info package.json grunt-contrib-copy@0.5.0 No license field.
99 info package.json grunt-contrib-imagemin@0.7.2 No license field.
100 info package.json grunt-contrib-htmlmin@0.2.0 No license field.
101 info package.json grunt-contrib-cssmin@0.9.0 No license field.
102 info package.json grunt-contrib-sass@0.7.4 No license field.
103 info package.json grunt-contrib-uglify@0.4.1 No license field.
104 info package.json grunt-contrib-jade@0.11.0 No license field.
105 info package.json grunt-contrib-jshint@0.10.0 No license field.
106 info package.json grunt-contrib-watch@0.6.1 No license field.
107 info package.json grunt-debug-task@0.1.7 No license field.
108 info package.json grunt-env@0.4.4 No license field.
109 info package.json grunt-dom-munger@3.4.0 No license field.
110 info package.json grunt-express-server@0.4.19 No license field.
111 info package.json grunt-google-cdn@0.4.3 license should be a valid SPDX license expression
112 info package.json grunt-injector@0.5.4 No license field.
113 info package.json grunt-mocha-test@0.10.2 No license field.
114 info package.json grunt-newer@0.7.0 No license field.
115 info package.json grunt-ng-annotate@0.2.3 No license field.
116 info package.json grunt-open@0.2.3 No license field.
117 info package.json grunt-protractor-runner@1.2.1 No license field.
118 info package.json grunt-rev@0.1.0 No license field.
119 info package.json grunt-svgmin@0.4.0 No license field.
120 info package.json grunt-usemin@2.1.1 license should be a valid SPDX license expression
121 info package.json grunt-wiredep@1.8.0 No license field.
122 info package.json mongoose@3.8.35 No license field.
123 info package.json passport-facebook@2.0.0 No license field.
124 info package.json passport-google-oauth@0.2.0 No license field.
125 info package.json passport-twitter@1.0.3 No license field.
126 info package.json passport-local@0.1.6 No license field.
127 info package.json requirejs@2.1.20 No license field.
128 info package.json should@3.3.2 No license field.
129 info package.json grunt-platforms@1.0.1 No license field.
130 verbose readDependencies loading dependencies from /Users/apple/Desktop/dev/rentobox/package.json
131 silly cache add args [ 'angular-cookies#1.3.13', null ]
132 verbose cache add spec angular-cookies#1.3.13
133 silly cache add parsed spec { raw: 'angular-cookies#1.3.13',
133 silly cache add   scope: null,
133 silly cache add   name: null,
133 silly cache add   rawSpec: 'angular-cookies#1.3.13',
133 silly cache add   spec: '/Users/apple/Desktop/dev/rentobox/angular-cookies#1.3.13',
133 silly cache add   type: 'local' }
134 error addLocal Could not install /Users/apple/Desktop/dev/rentobox/angular-cookies#1.3.13
135 verbose stack Error: ENOENT, open '/Users/apple/Desktop/dev/rentobox/angular-cookies#1.3.13'
135 verbose stack     at Error (native)
136 verbose cwd /Users/apple/Desktop/dev/rentobox
137 error Darwin 14.4.0
138 error argv "node" "/usr/local/bin/npm" "install" "angular-cookies#1.3.13"
139 error node v0.12.7
140 error npm  v2.11.3
141 error path /Users/apple/Desktop/dev/rentobox/angular-cookies#1.3.13
142 error code ENOENT
143 error errno -2
144 error enoent ENOENT, open '/Users/apple/Desktop/dev/rentobox/angular-cookies#1.3.13'
144 error enoent This is most likely not a problem with npm itself
144 error enoent and is related to npm not being able to find a file.
145 verbose exit [ -2, true ]
